-------------------------------------------------------------------------------
Test set: test.web.FunctionalTest
-------------------------------------------------------------------------------
Tests run: 9, Failures: 0, Errors: 9, Skipped: 0, Time elapsed: 0.008 s <<< FAILURE! - in test.web.FunctionalTest
testProductSearch(test.web.FunctionalTest)  Time elapsed: 0 s  <<< ERROR!
org.openqa.selenium.remote.NoSuchDriverException: 
chromedriver located at /usr/bin/chromedriver, but invalid
For documentation on this error, please visit: https://www.selenium.dev/documentation/webdriver/troubleshooting/errors/driver_location/
Build info: version: '4.10.0', revision: 'c14d967899'
System info: os.name: 'Linux', os.arch: 'amd64', os.version: '6.12.34-1-MANJARO', java.version: '17.0.15'
Driver info: driver.version: ChromeDriver
	at test.web.FunctionalTest.setUp(FunctionalTest.java:27)

testShoppingCart(test.web.FunctionalTest)  Time elapsed: 0.001 s  <<< ERROR!
org.openqa.selenium.remote.NoSuchDriverException: 
chromedriver located at /usr/bin/chromedriver, but invalid
For documentation on this error, please visit: https://www.selenium.dev/documentation/webdriver/troubleshooting/errors/driver_location/
Build info: version: '4.10.0', revision: 'c14d967899'
System info: os.name: 'Linux', os.arch: 'amd64', os.version: '6.12.34-1-MANJARO', java.version: '17.0.15'
Driver info: driver.version: ChromeDriver
	at test.web.FunctionalTest.setUp(FunctionalTest.java:27)

testRegisterAndLoginFlow(test.web.FunctionalTest)  Time elapsed: 0 s  <<< ERROR!
org.openqa.selenium.remote.NoSuchDriverException: 
chromedriver located at /usr/bin/chromedriver, but invalid
For documentation on this error, please visit: https://www.selenium.dev/documentation/webdriver/troubleshooting/errors/driver_location/
Build info: version: '4.10.0', revision: 'c14d967899'
System info: os.name: 'Linux', os.arch: 'amd64', os.version: '6.12.34-1-MANJARO', java.version: '17.0.15'
Driver info: driver.version: ChromeDriver
	at test.web.FunctionalTest.setUp(FunctionalTest.java:27)

testMenuTabs(test.web.FunctionalTest)  Time elapsed: 0 s  <<< ERROR!
org.openqa.selenium.remote.NoSuchDriverException: 
chromedriver located at /usr/bin/chromedriver, but invalid
For documentation on this error, please visit: https://www.selenium.dev/documentation/webdriver/troubleshooting/errors/driver_location/
Build info: version: '4.10.0', revision: 'c14d967899'
System info: os.name: 'Linux', os.arch: 'amd64', os.version: '6.12.34-1-MANJARO', java.version: '17.0.15'
Driver info: driver.version: ChromeDriver
	at test.web.FunctionalTest.setUp(FunctionalTest.java:27)

testCartAndCheckout(test.web.FunctionalTest)  Time elapsed: 0 s  <<< ERROR!
org.openqa.selenium.remote.NoSuchDriverException: 
chromedriver located at /usr/bin/chromedriver, but invalid
For documentation on this error, please visit: https://www.selenium.dev/documentation/webdriver/troubleshooting/errors/driver_location/
Build info: version: '4.10.0', revision: 'c14d967899'
System info: os.name: 'Linux', os.arch: 'amd64', os.version: '6.12.34-1-MANJARO', java.version: '17.0.15'
Driver info: driver.version: ChromeDriver
	at test.web.FunctionalTest.setUp(FunctionalTest.java:27)

testFormValidationErrors(test.web.FunctionalTest)  Time elapsed: 0 s  <<< ERROR!
org.openqa.selenium.remote.NoSuchDriverException: 
chromedriver located at /usr/bin/chromedriver, but invalid
For documentation on this error, please visit: https://www.selenium.dev/documentation/webdriver/troubleshooting/errors/driver_location/
Build info: version: '4.10.0', revision: 'c14d967899'
System info: os.name: 'Linux', os.arch: 'amd64', os.version: '6.12.34-1-MANJARO', java.version: '17.0.15'
Driver info: driver.version: ChromeDriver
	at test.web.FunctionalTest.setUp(FunctionalTest.java:27)

testHomePageDisplayAndResponsive(test.web.FunctionalTest)  Time elapsed: 0.001 s  <<< ERROR!
org.openqa.selenium.remote.NoSuchDriverException: 
chromedriver located at /usr/bin/chromedriver, but invalid
For documentation on this error, please visit: https://www.selenium.dev/documentation/webdriver/troubleshooting/errors/driver_location/
Build info: version: '4.10.0', revision: 'c14d967899'
System info: os.name: 'Linux', os.arch: 'amd64', os.version: '6.12.34-1-MANJARO', java.version: '17.0.15'
Driver info: driver.version: ChromeDriver
	at test.web.FunctionalTest.setUp(FunctionalTest.java:27)

testNavigation(test.web.FunctionalTest)  Time elapsed: 0.002 s  <<< ERROR!
org.openqa.selenium.remote.NoSuchDriverException: 
chromedriver located at /usr/bin/chromedriver, but invalid
For documentation on this error, please visit: https://www.selenium.dev/documentation/webdriver/troubleshooting/errors/driver_location/
Build info: version: '4.10.0', revision: 'c14d967899'
System info: os.name: 'Linux', os.arch: 'amd64', os.version: '6.12.34-1-MANJARO', java.version: '17.0.15'
Driver info: driver.version: ChromeDriver
	at test.web.FunctionalTest.setUp(FunctionalTest.java:27)

testProductDetailDisplay(test.web.FunctionalTest)  Time elapsed: 0.002 s  <<< ERROR!
org.openqa.selenium.remote.NoSuchDriverException: 
chromedriver located at /usr/bin/chromedriver, but invalid
For documentation on this error, please visit: https://www.selenium.dev/documentation/webdriver/troubleshooting/errors/driver_location/
Build info: version: '4.10.0', revision: 'c14d967899'
System info: os.name: 'Linux', os.arch: 'amd64', os.version: '6.12.34-1-MANJARO', java.version: '17.0.15'
Driver info: driver.version: ChromeDriver
	at test.web.FunctionalTest.setUp(FunctionalTest.java:27)

